TranspileError(code=None, kind=INTERNAL, severity=ERROR, path='/workspaces/codespaces-blank/snowflake/input/9_task_daily_bonus.sql', message='SNOWFLAKE: Databricks SQL has no equivalent to the CREATE TASK command, and it cannot be translated')
TranspileError(code=FAILURE, kind=PARSING, severity=ERROR, path='/workspaces/codespaces-blank/snowflake/input/7_sequence_employee_seq.sql', message='missing 'CLONE' at 'START'
while parsing a CLONE AT/BEFORE clause in a CREATE OBBJECT CLONE clause in a CREATE command in a DDL command in a sqlCommands')
TranspileError(code=FAILURE, kind=PARSING, severity=ERROR, path='/workspaces/codespaces-blank/snowflake/input/7_sequence_employee_seq.sql', message='unexpected extra input '=' while parsing a sqlFile
expecting one of: End of batch, Select Statement, Statement, '(', 'BULK', 'CALL', 'COMMENT', 'CONTRACT', 'DBCC', 'DISABLE', 'ENABLE', 'GET'...')
TranspileError(code=None, kind=INTERNAL, severity=ERROR, path='/workspaces/codespaces-blank/snowflake/input/7_sequence_employee_seq.sql', message='Unparsed input - ErrorNode encountered')
TranspileError(code=None, kind=INTERNAL, severity=ERROR, path='/workspaces/codespaces-blank/snowflake/input/7_sequence_employee_seq.sql', message='SNOWFLAKE: Databricks SQL has no equivalent to the CREATE OBJECT CLONE command, and it cannot be translated')
TranspileError(code=FAILURE, kind=PARSING, severity=ERROR, path='/workspaces/codespaces-blank/snowflake/input/12_external_table_employee_data.sql', message='input is not parsable 'first_nameSTRING,last_nameSTRING,departmentSTRING,salaryNUMBER(10,2))'')
TranspileError(code=None, kind=INTERNAL, severity=ERROR, path='/workspaces/codespaces-blank/snowflake/input/12_external_table_employee_data.sql', message='SNOWFLAKE: The transpiler cannnot currently convert the CREATE EXTERNAL TABLE command, but may be able to do so in the future')
TranspileError(code=None, kind=INTERNAL, severity=ERROR, path='/workspaces/codespaces-blank/snowflake/input/12_external_table_employee_data.sql', message='SNOWFLAKE: An error occurred while traversing the parse tree: This command was parsed, but is unknown to the SQL builders!')
TranspileError(code=None, kind=INTERNAL, severity=ERROR, path='/workspaces/codespaces-blank/snowflake/input/12_external_table_employee_data.sql', message='Unparsed input - ErrorNode encountered')
TranspileError(code=None, kind=INTERNAL, severity=ERROR, path='/workspaces/codespaces-blank/snowflake/input/12_external_table_employee_data.sql', message='SNOWFLAKE: An error occurred while traversing the parse tree: This command was parsed, but is unknown to the SQL builders!')
TranspileError(code=None, kind=INTERNAL, severity=ERROR, path='/workspaces/codespaces-blank/snowflake/input/12_external_table_employee_data.sql', message='Unparsed input - ErrorNode encountered')
TranspileError(code=None, kind=INTERNAL, severity=ERROR, path='/workspaces/codespaces-blank/snowflake/input/12_external_table_employee_data.sql', message='SNOWFLAKE: An error occurred while traversing the parse tree: This command was parsed, but is unknown to the SQL builders!')
TranspileError(code=None, kind=INTERNAL, severity=ERROR, path='/workspaces/codespaces-blank/snowflake/input/12_external_table_employee_data.sql', message='Unparsed input - ErrorNode encountered')
TranspileError(code=None, kind=INTERNAL, severity=ERROR, path='/workspaces/codespaces-blank/snowflake/input/5_view_active_employees.sql', message='SNOWFLAKE: The transpiler cannnot currently convert the CREATE VIEW command, but may be able to do so in the future')
TranspileError(code=None, kind=INTERNAL, severity=ERROR, path='/workspaces/codespaces-blank/snowflake/input/14_tag_classification.sql', message='SNOWFLAKE: Databricks SQL has no equivalent to the CREATE TAG command, and it cannot be translated')
TranspileError(code=None, kind=INTERNAL, severity=ERROR, path='/workspaces/codespaces-blank/snowflake/input/14_tag_classification.sql', message='Unexpected table alteration UnresolvedTableAlteration(COLUMN salary SET TAG classification = 'Confidential',SNOWFLAKE: An error occurred while traversing the parse tree: The ALTER COLUMN variant was parsed, but is unknown to the SQL builders!,alterColumnClause,Some(COLUMN),Error)')
TranspileError(code=None, kind=INTERNAL, severity=ERROR, path='/workspaces/codespaces-blank/snowflake/input/8_stream_employee_stream.sql', message='SNOWFLAKE: The transpiler cannnot currently convert the CREATE STREAM command, but may be able to do so in the future')
TranspileError(code=None, kind=INTERNAL, severity=ERROR, path='/workspaces/codespaces-blank/snowflake/input/10_dynamic_table_employee_changes.sql', message='SNOWFLAKE: Databricks SQL has no equivalent to the CREATE DYNAMIC TABLE command, and it cannot be translated')
TranspileError(code=None, kind=INTERNAL, severity=ERROR, path='/workspaces/codespaces-blank/snowflake/input/6_materialized_view_dept_summary.sql', message='SNOWFLAKE: The transpiler cannnot currently convert the CREATE MATERIALIZED VIEW command, but may be able to do so in the future')
TranspileError(code=FAILURE, kind=PARSING, severity=ERROR, path='/workspaces/codespaces-blank/snowflake/input/3_udf_get_full_name.sql', message=''$$' was unexpected while parsing a stringLiteral in a CREATE FUNCTION command in a CREATE command in a DDL command in a sqlCommands
expecting one of: 'String'')
TranspileError(code=None, kind=INTERNAL, severity=ERROR, path='/workspaces/codespaces-blank/snowflake/input/3_udf_get_full_name.sql', message='PlanGenerationFailure: IllegalArgumentException, Expected a string literal, got UnresolvedExpression Parse error: '$$' was unexpected while parsing a stringLiteral in a CREATE FUNCTION command in a CREATE command in a DDL command in a sqlCommands
expecting one of: 'String'
parser recovered by ignoring: -> $$
    first || ' ' || last
$$ <-
, Unparsed input - ErrorNode encountered, expression, Error
')
TranspileError(code=FAILURE, kind=PARSING, severity=ERROR, path='/workspaces/codespaces-blank/snowflake/input/11_snowpark_python_example.sql', message=''as' was unexpected while parsing a sqlFile
expecting one of: End of batch, Select Statement, Statement, '(', 'BULK', 'CALL', 'COMMENT', 'CONTRACT', 'DBCC', 'DISABLE', 'ENABLE', 'GET'...')
TranspileError(code=None, kind=INTERNAL, severity=ERROR, path='/workspaces/codespaces-blank/snowflake/input/11_snowpark_python_example.sql', message='Unparsed input - ErrorNode encountered')
TranspileError(code=None, kind=INTERNAL, severity=ERROR, path='/workspaces/codespaces-blank/snowflake/input/11_snowpark_python_example.sql', message='SNOWFLAKE: The transpiler cannnot currently convert Execute body batch, but may be able to do so in the future')
TranspileError(code=None, kind=INTERNAL, severity=ERROR, path='/workspaces/codespaces-blank/snowflake/input/13_masking_policy_salary.sql', message='SNOWFLAKE: Databricks SQL has no equivalent to the CREATE MASKING POLICY command, and it cannot be translated')
TranspileError(code=None, kind=INTERNAL, severity=ERROR, path='/workspaces/codespaces-blank/snowflake/input/13_masking_policy_salary.sql', message='Unexpected table alteration UnresolvedTableAlteration(COLUMN salary SET MASKING POLICY mask_salary,SNOWFLAKE: An error occurred while traversing the parse tree: The ALTER COLUMN variant was parsed, but is unknown to the SQL builders!,alterColumnClause,Some(COLUMN),Error)')
